<?xml version="1.0" encoding="UTF-8"?>
<!-- Generated by org.testng.reporters.JUnitReportReporter -->
<testsuite hostname="SAG-7Q582X2" failures="0" tests="1" name="testcases.LoginPageTest" time="18.521" errors="0" timestamp="2021-08-10T22:05:03 IST" skipped="0">
  <testcase classname="testcases.LoginPageTest" name="testLogin" time="18.521"/>
  <system-out/>
</testsuite> <!-- testcases.LoginPageTest -->
