<?xml version="1.0" encoding="UTF-8"?>
<!-- Generated by org.testng.reporters.JUnitReportReporter -->
<testsuite hostname="SAG-7Q582X2" failures="0" tests="3" name="testcases.HomePageTest" time="3.049" errors="0" timestamp="2021-08-10T23:32:25 IST" skipped="0">
  <testcase classname="testcases.HomePageTest" name="testTitle" time="0.019"/>
  <system-out/>
  <testcase classname="testcases.HomePageTest" name="testContacts" time="1.614"/>
  <system-out/>
  <testcase classname="testcases.HomePageTest" name="testDeals" time="1.416"/>
  <system-out/>
</testsuite> <!-- testcases.HomePageTest -->
