<?xml version="1.0" encoding="UTF-8"?>
<!-- Generated by org.testng.reporters.JUnitReportReporter -->
<testsuite hostname="SAG-7Q582X2" failures="0" tests="2" name="com.travel.qa.testcases.HomePageTest" time="1.557" errors="0" timestamp="2021-08-18T08:16:21 IST" skipped="0">
  <testcase classname="com.travel.qa.testcases.HomePageTest" name="testContacts" time="1.548"/>
  <system-out/>
  <testcase classname="com.travel.qa.testcases.HomePageTest" name="testTitle" time="0.009"/>
  <system-out/>
</testsuite> <!-- com.travel.qa.testcases.HomePageTest -->
