<?xml version="1.0" encoding="UTF-8"?>
<!-- Generated by org.testng.reporters.JUnitReportReporter -->
<testsuite hostname="SAG-7Q582X2" failures="0" tests="1" name="com.travel.qa.testcases.ScheduleCallTest" time="24.996" errors="0" timestamp="2021-08-13T11:49:50 IST" skipped="0">
  <testcase classname="com.travel.qa.testcases.ScheduleCallTest" name="testScheduleCall" time="24.996"/>
  <system-out/>
</testsuite> <!-- com.travel.qa.testcases.ScheduleCallTest -->
