<?xml version="1.0" encoding="UTF-8"?>
<!-- Generated by org.testng.reporters.JUnitReportReporter -->
<testsuite hostname="SAG-7Q582X2" failures="0" tests="2" name="testcases.ContactsPageTest" time="1.219" errors="0" timestamp="2021-08-11T14:24:01 IST" skipped="0">
  <testcase classname="testcases.ContactsPageTest" name="testSearchCompany" time="1.143"/>
  <system-out/>
  <testcase classname="testcases.ContactsPageTest" name="testSelectContacts" time="0.076"/>
  <system-out/>
</testsuite> <!-- testcases.ContactsPageTest -->
